<?xml version="1.0" encoding="UTF-8" ?>
<testsuite tests="23" failures="0" name="pl.luxoft.SudokuTest" time="0.114" errors="0" skipped="0">
  <properties>
[...]
</properties>
  <testcase classname="pl.luxoft.SudokuTest" name="pl.luxoft.SudokuTest.testValidSudoku" time="0.084"/>
  <testcase classname="pl.luxoft.SudokuTest" name="pl.luxoft.SudokuTest.testReadAndGetFile" time="0"/>
  <testcase classname="pl.luxoft.SudokuTest" name="pl.luxoft.SudokuTest.testReadFileDoesntExists" time="0.004"/>
  <testcase classname="pl.luxoft.SudokuTest" name="pl.luxoft.SudokuTest.testValidateFileHasData" time="0.001"/>
  <testcase classname="pl.luxoft.SudokuTest" name="pl.luxoft.SudokuTest.testValidateFileHasntData" time="0.001"/>
  <testcase classname="pl.luxoft.SudokuTest" name="pl.luxoft.SudokuTest.testRowHasRepeatedNumbers" time="0.001"/>
  <testcase classname="pl.luxoft.SudokuTest" name="pl.luxoft.SudokuTest.testRowHasntRepeatedNumbers" time="0.002"/>
  <testcase classname="pl.luxoft.SudokuTest" name="pl.luxoft.SudokuTest.testGetSudokuRowByIndex" time="0.001"/>
  <testcase classname="pl.luxoft.SudokuTest" name="pl.luxoft.SudokuTest.testGetSudokuColumnByIndex" time="0.002"/>
  <testcase classname="pl.luxoft.SudokuTest" name="pl.luxoft.SudokuTest.testValidateFileHasnt9Columns" time="0.002"/>
  <testcase classname="pl.luxoft.SudokuTest" name="pl.luxoft.SudokuTest.testValidateFileHas9Rows" time="0.001"/>
  <testcase classname="pl.luxoft.SudokuTest" name="pl.luxoft.SudokuTest.testValidate3x3Square" time="0.001"/>
  <testcase classname="pl.luxoft.SudokuTest" name="pl.luxoft.SudokuTest.testValidateFileHasnt9Rows" time="0.001"/>
  <testcase classname="pl.luxoft.SudokuTest" name="pl.luxoft.SudokuTest.testInvalid3x3Square" time="0.002"/>
  <testcase classname="pl.luxoft.SudokuTest" name="pl.luxoft.SudokuTest.testColumnHasRepeatedNumbers" time="0.002"/>
  <testcase classname="pl.luxoft.SudokuTest" name="pl.luxoft.SudokuTest.testColumnHasntRepeatedNumbers" time="0.001"/>
  <testcase classname="pl.luxoft.SudokuTest" name="pl.luxoft.SudokuTest.testInvalidSudoku" time="0.002"/>
  <testcase classname="pl.luxoft.SudokuTest" name="pl.luxoft.SudokuTest.testValidateFileHas9Columns" time="0.001"/>
  <testcase classname="pl.luxoft.SudokuTest" name="pl.luxoft.SudokuTest.testIfRowDataFromFileAreJustNumbersAndCommas" time="0.001"/>
  <testcase classname="pl.luxoft.SudokuTest" name="pl.luxoft.SudokuTest.testConvertDataToListOfListInteger" time="0.001"/>
  <testcase classname="pl.luxoft.SudokuTest" name="pl.luxoft.SudokuTest.testReadAndGetFileWhenPathIsEmpty" time="0.001"/>
  <testcase classname="pl.luxoft.SudokuTest" name="pl.luxoft.SudokuTest.testIfRowDataFromFileArentNumbersAndCommas" time="0.001"/>
  <testcase classname="pl.luxoft.SudokuTest" name="pl.luxoft.SudokuTest.testInvalid3x3SquareNumbersNotAllowed" time="0.001"/>
</testsuite>